<?xml version="1.0" encoding="UTF-8"?>
<testng-results skipped="0" failed="1" ignored="0" total="22" passed="21">
  <reporter-output>
  </reporter-output>
  <suite name="TestNg Session" duration-ms="40587" started-at="2020-03-04T00:55:57 IST" finished-at="2020-03-04T00:56:37 IST">
    <groups>
      <group name="link">
        <method signature="GoogleTest.maillinkTest()[pri:3, instance:com.TestNg.GoogleTest@3a5ed7a6]" name="maillinkTest" class="com.TestNg.GoogleTest"/>
      </group> <!-- link -->
      <group name="logo">
        <method signature="GoogleTest.logotest()[pri:2, instance:com.TestNg.GoogleTest@3a5ed7a6]" name="logotest" class="com.TestNg.GoogleTest"/>
      </group> <!-- logo -->
      <group name="Title">
        <method signature="GoogleTest.GoogleTitleTest()[pri:1, instance:com.TestNg.GoogleTest@3a5ed7a6]" name="GoogleTitleTest" class="com.TestNg.GoogleTest"/>
      </group> <!-- Title -->
    </groups>
    <test name="TestNg Training" duration-ms="40587" started-at="2020-03-04T00:55:57 IST" finished-at="2020-03-04T00:56:37 IST">
      <class name="com.TestNg.GoogleTitleTest">
        <test-method status="PASS" signature="setup()[pri:0, instance:com.TestNg.GoogleTitleTest@6325a3ee]" name="setup" is-config="true" duration-ms="6879" started-at="2020-03-04T00:56:22 IST" finished-at="2020-03-04T00:56:29 IST">
          <reporter-output>
          </reporter-output>
        </test-method> <!-- setup -->
        <test-method status="FAIL" signature="GoogleTitleTest()[pri:0, instance:com.TestNg.GoogleTitleTest@6325a3ee]" name="GoogleTitleTest" duration-ms="20" started-at="2020-03-04T00:56:29 IST" finished-at="2020-03-04T00:56:29 IST">
          <exception class="java.lang.AssertionError">
            <message>
              <![CDATA[Title not matched expected [Google123] but found [Google]]]>
            </message>
            <full-stacktrace>
              <![CDATA[java.lang.AssertionError: Title not matched expected [Google123] but found [Google]
at org.testng.Assert.fail(Assert.java:97)
at org.testng.Assert.assertEqualsImpl(Assert.java:136)
at org.testng.Assert.assertEquals(Assert.java:118)
at org.testng.Assert.assertEquals(Assert.java:575)
at com.TestNg.GoogleTitleTest.GoogleTitleTest(GoogleTitleTest.java:44)
at sun.reflect.NativeMethodAccessorImpl.invoke0(Native Method)
at sun.reflect.NativeMethodAccessorImpl.invoke(Unknown Source)
at sun.reflect.DelegatingMethodAccessorImpl.invoke(Unknown Source)
at java.lang.reflect.Method.invoke(Unknown Source)
at org.testng.internal.MethodInvocationHelper.invokeMethod(MethodInvocationHelper.java:133)
at org.testng.internal.TestInvoker.invokeMethod(TestInvoker.java:584)
at org.testng.internal.TestInvoker.invokeTestMethod(TestInvoker.java:172)
at org.testng.internal.MethodRunner.runInSequence(MethodRunner.java:46)
at org.testng.internal.TestInvoker$MethodInvocationAgent.invoke(TestInvoker.java:804)
at org.testng.internal.TestInvoker.invokeTestMethods(TestInvoker.java:145)
at org.testng.internal.TestMethodWorker.invokeTestMethods(TestMethodWorker.java:146)
at org.testng.internal.TestMethodWorker.run(TestMethodWorker.java:128)
at java.util.ArrayList.forEach(Unknown Source)
at org.testng.TestRunner.privateRun(TestRunner.java:770)
at org.testng.TestRunner.run(TestRunner.java:591)
at org.testng.SuiteRunner.runTest(SuiteRunner.java:402)
at org.testng.SuiteRunner.runSequentially(SuiteRunner.java:396)
at org.testng.SuiteRunner.privateRun(SuiteRunner.java:355)
at org.testng.SuiteRunner.run(SuiteRunner.java:304)
at org.testng.SuiteRunnerWorker.runSuite(SuiteRunnerWorker.java:53)
at org.testng.SuiteRunnerWorker.run(SuiteRunnerWorker.java:96)
at org.testng.TestNG.runSuitesSequentially(TestNG.java:1180)
at org.testng.TestNG.runSuitesLocally(TestNG.java:1102)
at org.testng.TestNG.runSuites(TestNG.java:1032)
at org.testng.TestNG.run(TestNG.java:1000)
at org.testng.remote.AbstractRemoteTestNG.run(AbstractRemoteTestNG.java:115)
at org.testng.remote.RemoteTestNG.initAndRun(RemoteTestNG.java:251)
at org.testng.remote.RemoteTestNG.main(RemoteTestNG.java:77)
]]>
            </full-stacktrace>
          </exception> <!-- java.lang.AssertionError -->
          <reporter-output>
          </reporter-output>
        </test-method> <!-- GoogleTitleTest -->
        <test-method status="PASS" signature="tearDown()[pri:0, instance:com.TestNg.GoogleTitleTest@6325a3ee]" name="tearDown" is-config="true" duration-ms="803" started-at="2020-03-04T00:56:29 IST" finished-at="2020-03-04T00:56:30 IST">
          <reporter-output>
          </reporter-output>
        </test-method> <!-- tearDown -->
        <test-method status="PASS" signature="setup()[pri:0, instance:com.TestNg.GoogleTitleTest@6325a3ee]" name="setup" is-config="true" duration-ms="6705" started-at="2020-03-04T00:56:30 IST" finished-at="2020-03-04T00:56:36 IST">
          <reporter-output>
          </reporter-output>
        </test-method> <!-- setup -->
        <test-method status="PASS" signature="logotest()[pri:0, instance:com.TestNg.GoogleTitleTest@6325a3ee]" name="logotest" duration-ms="111" started-at="2020-03-04T00:56:36 IST" finished-at="2020-03-04T00:56:36 IST">
          <reporter-output>
          </reporter-output>
        </test-method> <!-- logotest -->
        <test-method status="PASS" signature="tearDown()[pri:0, instance:com.TestNg.GoogleTitleTest@6325a3ee]" name="tearDown" is-config="true" duration-ms="747" started-at="2020-03-04T00:56:36 IST" finished-at="2020-03-04T00:56:37 IST">
          <reporter-output>
          </reporter-output>
        </test-method> <!-- tearDown -->
      </class> <!-- com.TestNg.GoogleTitleTest -->
      <class name="com.TestNg.TestNgFeature">
        <test-method status="PASS" signature="logintest()[pri:0, instance:com.TestNg.TestNgFeature@67b92f0a]" name="logintest" duration-ms="9" started-at="2020-03-04T00:56:37 IST" finished-at="2020-03-04T00:56:37 IST">
          <reporter-output>
          </reporter-output>
        </test-method> <!-- logintest -->
        <test-method status="PASS" signature="homepagetest()[pri:0, instance:com.TestNg.TestNgFeature@67b92f0a]" name="homepagetest" duration-ms="2" started-at="2020-03-04T00:56:37 IST" depends-on-methods="com.TestNg.TestNgFeature.logintest" finished-at="2020-03-04T00:56:37 IST">
          <reporter-output>
          </reporter-output>
        </test-method> <!-- homepagetest -->
        <test-method status="PASS" signature="regpagetest()[pri:0, instance:com.TestNg.TestNgFeature@67b92f0a]" name="regpagetest" duration-ms="1" started-at="2020-03-04T00:56:37 IST" depends-on-methods="com.TestNg.TestNgFeature.logintest" finished-at="2020-03-04T00:56:37 IST">
          <reporter-output>
          </reporter-output>
        </test-method> <!-- regpagetest -->
        <test-method status="PASS" signature="searchpagetest()[pri:0, instance:com.TestNg.TestNgFeature@67b92f0a]" name="searchpagetest" duration-ms="1" started-at="2020-03-04T00:56:37 IST" depends-on-methods="com.TestNg.TestNgFeature.logintest" finished-at="2020-03-04T00:56:37 IST">
          <reporter-output>
          </reporter-output>
        </test-method> <!-- searchpagetest -->
      </class> <!-- com.TestNg.TestNgFeature -->
      <class name="com.TestNg.ExceptionTimeoutTest">
        <test-method status="PASS" signature="test2()[pri:0, instance:com.TestNg.ExceptionTimeoutTest@7791a895]" name="test2" duration-ms="12" started-at="2020-03-04T00:55:57 IST" finished-at="2020-03-04T00:55:57 IST">
          <exception class="java.lang.NumberFormatException">
            <message>
              <![CDATA[For input string: "100A"]]>
            </message>
            <full-stacktrace>
              <![CDATA[java.lang.NumberFormatException: For input string: "100A"
at java.lang.NumberFormatException.forInputString(Unknown Source)
at java.lang.Integer.parseInt(Unknown Source)
at java.lang.Integer.parseInt(Unknown Source)
at com.TestNg.ExceptionTimeoutTest.test2(ExceptionTimeoutTest.java:27)
at sun.reflect.NativeMethodAccessorImpl.invoke0(Native Method)
at sun.reflect.NativeMethodAccessorImpl.invoke(Unknown Source)
at sun.reflect.DelegatingMethodAccessorImpl.invoke(Unknown Source)
at java.lang.reflect.Method.invoke(Unknown Source)
at org.testng.internal.MethodInvocationHelper.invokeMethod(MethodInvocationHelper.java:133)
at org.testng.internal.TestInvoker.invokeMethod(TestInvoker.java:584)
at org.testng.internal.TestInvoker.invokeTestMethod(TestInvoker.java:172)
at org.testng.internal.MethodRunner.runInSequence(MethodRunner.java:46)
at org.testng.internal.TestInvoker$MethodInvocationAgent.invoke(TestInvoker.java:804)
at org.testng.internal.TestInvoker.invokeTestMethods(TestInvoker.java:145)
at org.testng.internal.TestMethodWorker.invokeTestMethods(TestMethodWorker.java:146)
at org.testng.internal.TestMethodWorker.run(TestMethodWorker.java:128)
at java.util.ArrayList.forEach(Unknown Source)
at org.testng.TestRunner.privateRun(TestRunner.java:770)
at org.testng.TestRunner.run(TestRunner.java:591)
at org.testng.SuiteRunner.runTest(SuiteRunner.java:402)
at org.testng.SuiteRunner.runSequentially(SuiteRunner.java:396)
at org.testng.SuiteRunner.privateRun(SuiteRunner.java:355)
at org.testng.SuiteRunner.run(SuiteRunner.java:304)
at org.testng.SuiteRunnerWorker.runSuite(SuiteRunnerWorker.java:53)
at org.testng.SuiteRunnerWorker.run(SuiteRunnerWorker.java:96)
at org.testng.TestNG.runSuitesSequentially(TestNG.java:1180)
at org.testng.TestNG.runSuitesLocally(TestNG.java:1102)
at org.testng.TestNG.runSuites(TestNG.java:1032)
at org.testng.TestNG.run(TestNG.java:1000)
at org.testng.remote.AbstractRemoteTestNG.run(AbstractRemoteTestNG.java:115)
at org.testng.remote.RemoteTestNG.initAndRun(RemoteTestNG.java:251)
at org.testng.remote.RemoteTestNG.main(RemoteTestNG.java:77)
]]>
            </full-stacktrace>
          </exception> <!-- java.lang.NumberFormatException -->
          <reporter-output>
          </reporter-output>
        </test-method> <!-- test2 -->
      </class> <!-- com.TestNg.ExceptionTimeoutTest -->
      <class name="com.TestNg.invocationCountTest">
        <test-method status="PASS" signature="sum()[pri:0, instance:com.TestNg.invocationCountTest@1d16f93d]" name="sum" duration-ms="4" started-at="2020-03-04T00:56:37 IST" finished-at="2020-03-04T00:56:37 IST">
          <reporter-output>
          </reporter-output>
        </test-method> <!-- sum -->
        <test-method status="PASS" signature="sum()[pri:0, instance:com.TestNg.invocationCountTest@1d16f93d]" name="sum" duration-ms="7" started-at="2020-03-04T00:56:37 IST" finished-at="2020-03-04T00:56:37 IST">
          <reporter-output>
          </reporter-output>
        </test-method> <!-- sum -->
        <test-method status="PASS" signature="sum()[pri:0, instance:com.TestNg.invocationCountTest@1d16f93d]" name="sum" duration-ms="3" started-at="2020-03-04T00:56:37 IST" finished-at="2020-03-04T00:56:37 IST">
          <reporter-output>
          </reporter-output>
        </test-method> <!-- sum -->
        <test-method status="PASS" signature="sum()[pri:0, instance:com.TestNg.invocationCountTest@1d16f93d]" name="sum" duration-ms="7" started-at="2020-03-04T00:56:37 IST" finished-at="2020-03-04T00:56:37 IST">
          <reporter-output>
          </reporter-output>
        </test-method> <!-- sum -->
        <test-method status="PASS" signature="sum()[pri:0, instance:com.TestNg.invocationCountTest@1d16f93d]" name="sum" duration-ms="3" started-at="2020-03-04T00:56:37 IST" finished-at="2020-03-04T00:56:37 IST">
          <reporter-output>
          </reporter-output>
        </test-method> <!-- sum -->
        <test-method status="PASS" signature="sum()[pri:0, instance:com.TestNg.invocationCountTest@1d16f93d]" name="sum" duration-ms="6" started-at="2020-03-04T00:56:37 IST" finished-at="2020-03-04T00:56:37 IST">
          <reporter-output>
          </reporter-output>
        </test-method> <!-- sum -->
        <test-method status="PASS" signature="sum()[pri:0, instance:com.TestNg.invocationCountTest@1d16f93d]" name="sum" duration-ms="2" started-at="2020-03-04T00:56:37 IST" finished-at="2020-03-04T00:56:37 IST">
          <reporter-output>
          </reporter-output>
        </test-method> <!-- sum -->
        <test-method status="PASS" signature="sum()[pri:0, instance:com.TestNg.invocationCountTest@1d16f93d]" name="sum" duration-ms="2" started-at="2020-03-04T00:56:37 IST" finished-at="2020-03-04T00:56:37 IST">
          <reporter-output>
          </reporter-output>
        </test-method> <!-- sum -->
        <test-method status="PASS" signature="sum()[pri:0, instance:com.TestNg.invocationCountTest@1d16f93d]" name="sum" duration-ms="4" started-at="2020-03-04T00:56:37 IST" finished-at="2020-03-04T00:56:37 IST">
          <reporter-output>
          </reporter-output>
        </test-method> <!-- sum -->
        <test-method status="PASS" signature="sum()[pri:0, instance:com.TestNg.invocationCountTest@1d16f93d]" name="sum" duration-ms="4" started-at="2020-03-04T00:56:37 IST" finished-at="2020-03-04T00:56:37 IST">
          <reporter-output>
          </reporter-output>
        </test-method> <!-- sum -->
      </class> <!-- com.TestNg.invocationCountTest -->
      <class name="com.TestNg.TestNgBasics">
        <test-method status="PASS" signature="setup()[pri:0, instance:com.TestNg.TestNgBasics@7d907bac]" name="setup" is-config="true" duration-ms="34" started-at="2020-03-04T00:55:57 IST" finished-at="2020-03-04T00:55:57 IST">
          <reporter-output>
          </reporter-output>
        </test-method> <!-- setup -->
        <test-method status="PASS" signature="launchbrowser()[pri:0, instance:com.TestNg.TestNgBasics@7d907bac]" name="launchbrowser" is-config="true" duration-ms="0" started-at="2020-03-04T00:55:57 IST" finished-at="2020-03-04T00:55:57 IST">
          <reporter-output>
          </reporter-output>
        </test-method> <!-- launchbrowser -->
        <test-method status="PASS" signature="enterUrl()[pri:0, instance:com.TestNg.TestNgBasics@7d907bac]" name="enterUrl" is-config="true" duration-ms="0" started-at="2020-03-04T00:56:37 IST" finished-at="2020-03-04T00:56:37 IST">
          <reporter-output>
          </reporter-output>
        </test-method> <!-- enterUrl -->
        <test-method status="PASS" signature="googleTitleTest()[pri:0, instance:com.TestNg.TestNgBasics@7d907bac]" name="googleTitleTest" duration-ms="2" started-at="2020-03-04T00:56:37 IST" finished-at="2020-03-04T00:56:37 IST">
          <reporter-output>
          </reporter-output>
        </test-method> <!-- googleTitleTest -->
        <test-method status="PASS" signature="login()[pri:0, instance:com.TestNg.TestNgBasics@7d907bac]" name="login" is-config="true" duration-ms="0" started-at="2020-03-04T00:56:37 IST" finished-at="2020-03-04T00:56:37 IST">
          <reporter-output>
          </reporter-output>
        </test-method> <!-- login -->
        <test-method status="PASS" signature="logout()[pri:0, instance:com.TestNg.TestNgBasics@7d907bac]" name="logout" is-config="true" duration-ms="0" started-at="2020-03-04T00:56:37 IST" finished-at="2020-03-04T00:56:37 IST">
          <reporter-output>
          </reporter-output>
        </test-method> <!-- logout -->
        <test-method status="PASS" signature="login()[pri:0, instance:com.TestNg.TestNgBasics@7d907bac]" name="login" is-config="true" duration-ms="6" started-at="2020-03-04T00:56:37 IST" finished-at="2020-03-04T00:56:37 IST">
          <reporter-output>
          </reporter-output>
        </test-method> <!-- login -->
        <test-method status="PASS" signature="searchrecord()[pri:0, instance:com.TestNg.TestNgBasics@7d907bac]" name="searchrecord" duration-ms="1" started-at="2020-03-04T00:56:37 IST" finished-at="2020-03-04T00:56:37 IST">
          <reporter-output>
          </reporter-output>
        </test-method> <!-- searchrecord -->
        <test-method status="PASS" signature="closeBrowser()[pri:0, instance:com.TestNg.TestNgBasics@7d907bac]" name="closeBrowser" is-config="true" duration-ms="0" started-at="2020-03-04T00:56:37 IST" finished-at="2020-03-04T00:56:37 IST">
          <reporter-output>
          </reporter-output>
        </test-method> <!-- closeBrowser -->
        <test-method status="PASS" signature="logout()[pri:0, instance:com.TestNg.TestNgBasics@7d907bac]" name="logout" is-config="true" duration-ms="0" started-at="2020-03-04T00:56:37 IST" finished-at="2020-03-04T00:56:37 IST">
          <reporter-output>
          </reporter-output>
        </test-method> <!-- logout -->
        <test-method status="PASS" signature="deleteAllcookies()[pri:0, instance:com.TestNg.TestNgBasics@7d907bac]" name="deleteAllcookies" is-config="true" duration-ms="0" started-at="2020-03-04T00:56:37 IST" finished-at="2020-03-04T00:56:37 IST">
          <reporter-output>
          </reporter-output>
        </test-method> <!-- deleteAllcookies -->
        <test-method status="PASS" signature="generateTestReport()[pri:0, instance:com.TestNg.TestNgBasics@7d907bac]" name="generateTestReport" is-config="true" duration-ms="1" started-at="2020-03-04T00:56:37 IST" finished-at="2020-03-04T00:56:37 IST">
          <reporter-output>
          </reporter-output>
        </test-method> <!-- generateTestReport -->
      </class> <!-- com.TestNg.TestNgBasics -->
      <class name="com.TestNg.GoogleTest">
        <test-method status="PASS" signature="setup()[pri:0, instance:com.TestNg.GoogleTest@3a5ed7a6]" name="setup" is-config="true" duration-ms="7954" started-at="2020-03-04T00:55:57 IST" finished-at="2020-03-04T00:56:05 IST">
          <reporter-output>
          </reporter-output>
        </test-method> <!-- setup -->
        <test-method status="PASS" signature="GoogleTitleTest()[pri:1, instance:com.TestNg.GoogleTest@3a5ed7a6]" name="GoogleTitleTest" duration-ms="24" started-at="2020-03-04T00:56:05 IST" finished-at="2020-03-04T00:56:05 IST">
          <reporter-output>
          </reporter-output>
        </test-method> <!-- GoogleTitleTest -->
        <test-method status="PASS" signature="tearDown()[pri:0, instance:com.TestNg.GoogleTest@3a5ed7a6]" name="tearDown" is-config="true" duration-ms="935" started-at="2020-03-04T00:56:05 IST" finished-at="2020-03-04T00:56:06 IST">
          <reporter-output>
          </reporter-output>
        </test-method> <!-- tearDown -->
        <test-method status="PASS" signature="setup()[pri:0, instance:com.TestNg.GoogleTest@3a5ed7a6]" name="setup" is-config="true" duration-ms="6742" started-at="2020-03-04T00:56:06 IST" finished-at="2020-03-04T00:56:12 IST">
          <reporter-output>
          </reporter-output>
        </test-method> <!-- setup -->
        <test-method status="PASS" signature="logotest()[pri:2, instance:com.TestNg.GoogleTest@3a5ed7a6]" name="logotest" duration-ms="170" started-at="2020-03-04T00:56:12 IST" finished-at="2020-03-04T00:56:13 IST">
          <reporter-output>
          </reporter-output>
        </test-method> <!-- logotest -->
        <test-method status="PASS" signature="tearDown()[pri:0, instance:com.TestNg.GoogleTest@3a5ed7a6]" name="tearDown" is-config="true" duration-ms="710" started-at="2020-03-04T00:56:13 IST" finished-at="2020-03-04T00:56:13 IST">
          <reporter-output>
          </reporter-output>
        </test-method> <!-- tearDown -->
        <test-method status="PASS" signature="setup()[pri:0, instance:com.TestNg.GoogleTest@3a5ed7a6]" name="setup" is-config="true" duration-ms="7673" started-at="2020-03-04T00:56:13 IST" finished-at="2020-03-04T00:56:21 IST">
          <reporter-output>
          </reporter-output>
        </test-method> <!-- setup -->
        <test-method status="PASS" signature="maillinkTest()[pri:3, instance:com.TestNg.GoogleTest@3a5ed7a6]" name="maillinkTest" duration-ms="114" started-at="2020-03-04T00:56:21 IST" finished-at="2020-03-04T00:56:21 IST">
          <reporter-output>
          </reporter-output>
        </test-method> <!-- maillinkTest -->
        <test-method status="PASS" signature="tearDown()[pri:0, instance:com.TestNg.GoogleTest@3a5ed7a6]" name="tearDown" is-config="true" duration-ms="728" started-at="2020-03-04T00:56:21 IST" finished-at="2020-03-04T00:56:22 IST">
          <reporter-output>
          </reporter-output>
        </test-method> <!-- tearDown -->
      </class> <!-- com.TestNg.GoogleTest -->
    </test> <!-- TestNg Training -->
  </suite> <!-- TestNg Session -->
</testng-results>
